0 info it worked if it ends with ok
1 verbose cli [ 'node', '/usr/local/bin/npm', 'install', '-g' ]
2 info using npm@2.7.4
3 info using node@v0.10.30
4 silly cache add args [ '.', null ]
5 verbose cache add spec .
6 silly cache add parsed spec { raw: '.',
6 silly cache add   scope: null,
6 silly cache add   name: null,
6 silly cache add   rawSpec: '.',
6 silly cache add   spec: '/Users/mike/Sites/sskwedding',
6 silly cache add   type: 'local' }
7 error addLocal Could not install /Users/mike/Sites/sskwedding
8 verbose stack Error: EISDIR, read
9 verbose cwd /Users/mike/Sites/sskwedding
10 error Darwin 15.4.0
11 error argv "node" "/usr/local/bin/npm" "install" "-g"
12 error node v0.10.30
13 error npm  v2.7.4
14 error code EISDIR
15 error errno 28
16 error EISDIR, read
17 error If you need help, you may report this error at:
17 error     <https://github.com/npm/npm/issues>
18 verbose exit [ 28, true ]
